This is pdfTeX, Version 3.1415926-1.40.10 (TeX Live/MacPorts 2009_6) (format=pdftex 2010.7.19)  24 FEB 2011 17:18
entering extended mode
 %&-line parsing enabled.
**urdadAsQualityDrivenProcess.tex
(./urdadAsQualityDrivenProcess.tex
! Undefined control sequence.
l.1 \documentclass
                  {llncs}
? 
! Undefined control sequence.
l.2    \usepackage
                  {graphicx}
? 
! Undefined control sequence.
l.3 \begin
          {document}
? 
! Undefined control sequence.
l.7 \title
          {URDAD: a Quality-Driven Analysis and Design Process
? 
! Undefined control sequence.
l.9 \author
           { Fritz Solms\inst{1,2} \email{(fritz@solms.co.za)}\\
? 
! Undefined control sequence.
l.9 \author{ Fritz Solms\inst
                             {1,2} \email{(fritz@solms.co.za)}\\
? 
! Undefined control sequence.
l.9 \author{ Fritz Solms\inst{1,2} \email
                                         {(fritz@solms.co.za)}\\
? 
! Argument of \\ has an extra }.
<inserted text> 
                \par 
<to be read again> 
                   }
l.13 ...rie\inst{1} \email{(dkourie@cs.up.ac.za)}}
                                                  
? 
Runaway argument?
 Riaan Klopper\inst {1} \email {(rklopper@vodamail.co.za)}\\ Stefan G\ETC.
! Paragraph ended before \\ was complete.
<to be read again> 
                   \par 
<to be read again> 
                   }
l.13 ...rie\inst{1} \email{(dkourie@cs.up.ac.za)}}
                                                  
? 
! Undefined control sequence.
l.14 \institute
               {Dept. of Comp. Science, University of Pretoria, South Africa.\\

? 
! Argument of \\ has an extra }.
<inserted text> 
                \par 
<to be read again> 
                   }
l.15 ...Consulting, Johannesburg, South Africa.\\}
                                                  
? 
Runaway argument?
 \and Solms Training and Consulting, Johannesburg, South Africa.\\
! Paragraph ended before \\ was complete.
<to be read again> 
                   \par 
<to be read again> 
                   }
l.15 ...Consulting, Johannesburg, South Africa.\\}
                                                  
? 
! Undefined control sequence.
l.16 \maketitle
               
? 
! Undefined control sequence.
l.18 \begin
           {abstract}
? 
Runaway argument?
[0.1cm]\textbf {Key words:} Model-driven Software Development, Qualit\ETC.
! Paragraph ended before \\ was complete.
<to be read again> 
                   \par 
l.25 
     
? 
! Undefined control sequence.
l.26 \include
             {contextualization}
? 
! Undefined control sequence.
l.28 \include
             {qualityRequirements}
? 
! Undefined control sequence.
l.30 \include
             {urdad}
? 
! Undefined control sequence.
l.32 \include
             {measuringModelQuality}
? 
! Undefined control sequence.
l.35 \include
             {openQuestions}
? 
! Undefined control sequence.
l.37 \include
             {conclusions}
? 
! Undefined control sequence.
l.42 \bibliographystyle
                       {plain}  %%abbrv
? 
! Undefined control sequence.
l.43 \bibliography
                  {urdadAsQualityDrivenProcess}
? 
[1{/opt/local/var/db/texmf/fonts/map/pdftex/updmap/pdftex.map}] )</opt/local/sh
are/texmf-texlive-dist/fonts/type1/public/amsfonts/cm/cmr10.pfb>
Output written on urdadAsQualityDrivenProcess.pdf (1 page, 19913 bytes).
PDF statistics:
 10 PDF objects out of 1000 (max. 8388607)
 0 named destinations out of 1000 (max. 500000)
 1 words of extra memory for PDF output out of 10000 (max. 10000000)

