This is pdfTeX, Version 3.1415926-1.40.10 (TeX Live/MacPorts 2009_6) (format=pdflatex 2010.7.19)  24 FEB 2011 17:19
entering extended mode
 %&-line parsing enabled.
**modelQualityViaUrdad.tex
(./modelQualityViaUrdad.tex
LaTeX2e <2009/09/24>
Babel <v3.8l> and hyphenation patterns for english, usenglishmax, dumylang, noh
yphenation, loaded.
(./acm_proc_article-sp.cls (./epsfig.sty
Package: epsfig 1999/02/16 v1.7a (e)psfig emulation (SPQR)

(/opt/local/share/texmf-texlive-dist/tex/latex/graphics/graphicx.sty
Package: graphicx 1999/02/16 v1.0f Enhanced LaTeX Graphics (DPC,SPQR)

(/opt/local/share/texmf-texlive-dist/tex/latex/graphics/keyval.sty
Package: keyval 1999/03/16 v1.13 key=value parser (DPC)
\KV@toks@=\toks14
)
(/opt/local/share/texmf-texlive-dist/tex/latex/graphics/graphics.sty
Package: graphics 2009/02/05 v1.0o Standard LaTeX Graphics (DPC,SPQR)

(/opt/local/share/texmf-texlive-dist/tex/latex/graphics/trig.sty
Package: trig 1999/03/16 v1.09 sin cos tan (DPC)
)
(/opt/local/share/texmf-texlive-dist/tex/latex/latexconfig/graphics.cfg
File: graphics.cfg 2009/08/28 v1.8 graphics configuration of TeX Live
)
Package graphics Info: Driver file: pdftex.def on input line 91.

(/opt/local/share/texmf-texlive-dist/tex/latex/pdftex-def/pdftex.def
File: pdftex.def 2009/08/25 v0.04m Graphics/color for pdfTeX
\Gread@gobject=\count79
))
\Gin@req@height=\dimen102
\Gin@req@width=\dimen103
)
\epsfxsize=\dimen104
\epsfysize=\dimen105
)
(/opt/local/share/texmf-texlive-dist/tex/latex/amsfonts/amssymb.sty
Package: amssymb 2009/06/22 v3.00

(/opt/local/share/texmf-texlive-dist/tex/latex/amsfonts/amsfonts.sty
Package: amsfonts 2009/06/22 v3.00 Basic AMSFonts support
\@emptytoks=\toks15
\symAMSa=\mathgroup4
\symAMSb=\mathgroup5
LaTeX Font Info:    Overwriting math alphabet `\mathfrak' in version `bold'
(Font)                  U/euf/m/n --> U/euf/b/n on input line 96.
))
(/opt/local/share/texmf-texlive-dist/tex/latex/amsmath/amsmath.sty
Package: amsmath 2000/07/18 v2.13 AMS math features
\@mathmargin=\skip41

For additional information on amsmath, use the `?' option.
(/opt/local/share/texmf-texlive-dist/tex/latex/amsmath/amstext.sty
Package: amstext 2000/06/29 v2.01

(/opt/local/share/texmf-texlive-dist/tex/latex/amsmath/amsgen.sty
File: amsgen.sty 1999/11/30 v2.0
\@emptytoks=\toks16
\ex@=\dimen106
))
(/opt/local/share/texmf-texlive-dist/tex/latex/amsmath/amsbsy.sty
Package: amsbsy 1999/11/29 v1.2d
\pmbraise@=\dimen107
)
(/opt/local/share/texmf-texlive-dist/tex/latex/amsmath/amsopn.sty
Package: amsopn 1999/12/14 v2.01 operator names
)
\inf@bad=\count80
LaTeX Info: Redefining \frac on input line 211.
\uproot@=\count81
\leftroot@=\count82
LaTeX Info: Redefining \overline on input line 307.
\classnum@=\count83
\DOTSCASE@=\count84
LaTeX Info: Redefining \ldots on input line 379.
LaTeX Info: Redefining \dots on input line 382.
LaTeX Info: Redefining \cdots on input line 467.
\Mathstrutbox@=\box26
\strutbox@=\box27
\big@size=\dimen108
LaTeX Font Info:    Redeclaring font encoding OML on input line 567.
LaTeX Font Info:    Redeclaring font encoding OMS on input line 568.
\macc@depth=\count85
\c@MaxMatrixCols=\count86
\dotsspace@=\muskip10
\c@parentequation=\count87
\dspbrk@lvl=\count88
\tag@help=\toks17
\row@=\count89
\column@=\count90
\maxfields@=\count91
\andhelp@=\toks18
\eqnshift@=\dimen109
\alignsep@=\dimen110
\tagshift@=\dimen111
\tagwidth@=\dimen112
\totwidth@=\dimen113
\lineht@=\dimen114
\@envbody=\toks19
\multlinegap=\skip42
\multlinetaggap=\skip43
\mathdisplay@stack=\toks20
LaTeX Info: Redefining \[ on input line 2666.
LaTeX Info: Redefining \] on input line 2667.
)
Document Class 'acm_proc_article-sp' <22nd. April '09>. Modified by G.K.M. Tobi
n
Based in part upon document Style `acmconf' <22 May 89>. Hacked 4/91 by
shivers@cs.cmu.edu, 4/93 by theobald@cs.mcgill.ca
Excerpts were taken from (Journal Style) 'esub2acm.cls'.
****** Bugs/comments/suggestions to Gerry Murray -- murray@hq.acm.org ******
\footheight=\dimen115
\@maxsep=\dimen116
\@dblmaxsep=\dimen117
\aucount=\count92
\originalaucount=\count93
\auwidth=\dimen118
\auskip=\dimen119
\auskipcount=\count94
\auskip=\dimen120
\allauboxes=\dimen121
\addauthors=\toks21
\addauflag=\count95
\subtitletext=\toks22
\savesection=\count96
\sectioncntr=\count97
\c@figure=\count98
\c@table=\count99
\titleboxnotes=\toks23
\titleboxnoteflag=\count100
Document Class: acm_proc_article-sp 2009/04/22 - V3.2SP - based on esub2acm.sty
 <23 April 96>
(/opt/local/share/texmf-texlive-dist/tex/latex/base/latexsym.sty
Package: latexsym 1998/08/17 v2.2e Standard LaTeX package (lasy symbols)
\symlasy=\mathgroup6
LaTeX Font Info:    Overwriting symbol font `lasy' in version `bold'
(Font)                  U/lasy/m/n --> U/lasy/b/n on input line 47.
)
\@acmtitlebox=\box28
\titlenotecount=\count101
\tntoks=\toks24
\tntokstwo=\toks25
\tntoksthree=\toks26
\tntoksfour=\toks27
\tntoksfive=\toks28
\catcount=\count102
\copyrightnotice=\toks29
\conf=\toks30
\confinfo=\toks31
\c@part=\count103
\c@section=\count104
\c@subsection=\count105
\c@subsubsection=\count106
\c@paragraph=\count107

Using 'Abbrev' bibliography style
LaTeX Info: Redefining \cite on input line 1236.
\bibindent=\dimen122
\colcntr=\count108
\saveb@x=\box29
\copyrtyr=\toks32
\acmcopyr=\toks33
\boilerplate=\toks34
\copyrightetc=\toks35
(/opt/local/share/texmf-texlive-dist/tex/latex/base/fontenc.sty
Package: fontenc 2005/09/27 v1.99g Standard LaTeX package

(/opt/local/share/texmf-texlive-dist/tex/latex/base/t1enc.def
File: t1enc.def 2005/09/27 v1.99g Standard LaTeX file
LaTeX Font Info:    Redeclaring font encoding T1 on input line 43.
)
LaTeX Font Info:    Try loading font information for T1+aer on input line 100.

(/opt/local/share/texmf-texlive-dist/tex/latex/ae/t1aer.fd
File: t1aer.fd 1997/11/16 Font definitions for T1/aer.
)))
No file modelQualityViaUrdad.aux.
\openout1 = `modelQualityViaUrdad.aux'.

LaTeX Font Info:    Checking defaults for OML/cmm/m/it on input line 8.
LaTeX Font Info:    ... okay on input line 8.
LaTeX Font Info:    Checking defaults for T1/cmr/m/n on input line 8.
LaTeX Font Info:    ... okay on input line 8.
LaTeX Font Info:    Checking defaults for OT1/cmr/m/n on input line 8.
LaTeX Font Info:    ... okay on input line 8.
LaTeX Font Info:    Checking defaults for OMS/cmsy/m/n on input line 8.
LaTeX Font Info:    ... okay on input line 8.
LaTeX Font Info:    Checking defaults for OMX/cmex/m/n on input line 8.
LaTeX Font Info:    ... okay on input line 8.
LaTeX Font Info:    Checking defaults for U/cmr/m/n on input line 8.
LaTeX Font Info:    ... okay on input line 8.
(/opt/local/share/texmf-texlive-dist/tex/context/base/supp-pdf.mkii
[Loading MPS to PDF converter (version 2006.09.02).]
\scratchcounter=\count109
\scratchdimen=\dimen123
\scratchbox=\box30
\nofMPsegments=\count110
\nofMParguments=\count111
\everyMPshowfont=\toks36
\MPscratchCnt=\count112
\MPscratchDim=\dimen124
\MPnumerator=\count113
\everyMPtoPDFconversion=\toks37
)
LaTeX Font Info:    Try loading font information for U+msa on input line 35.
 (/opt/local/share/texmf-texlive-dist/tex/latex/amsfonts/umsa.fd
File: umsa.fd 2009/06/22 v3.00 AMS symbols A
)
LaTeX Font Info:    Try loading font information for U+msb on input line 35.

(/opt/local/share/texmf-texlive-dist/tex/latex/amsfonts/umsb.fd
File: umsb.fd 2009/06/22 v3.00 AMS symbols B
)
LaTeX Font Info:    Try loading font information for U+lasy on input line 35.

(/opt/local/share/texmf-texlive-dist/tex/latex/base/ulasy.fd
File: ulasy.fd 1998/08/17 v2.2e LaTeX symbol font definitions
)
Overfull \hbox (63.12575pt too wide) in paragraph at lines 35--35
 []\eaddfnt Riaan.Klopper2@standardbank.co.za| 
 []

[1{/opt/local/var/db/texmf/fonts/map/pdftex/updmap/pdftex.map}



]
\openout2 = `abstract.aux'.

 (./abstract.tex) [2


] [3


]
\openout2 = `introduction.aux'.

 (./introduction.tex

LaTeX Warning: Citation `schmidt:modelDrivenEngineering' on page \thepage  unde
fined on input line 6.


LaTeX Warning: Citation `braek:modelDrivenServiceEngineering' on page \thepage 
 undefined on input line 6.


LaTeX Warning: Citation `frankel_2003:enterpriseMDA' on page \thepage  undefine
d on input line 6.


Overfull \hbox (16.01683pt too wide) in paragraph at lines 5--8
\T1/aer/m/it/9 Model Driven $\OMS/cmsy/m/n/9 f$\T1/aer/m/n/9 Architecture/Engin
eering/Development$\OMS/cmsy/m/n/9 g$ \T1/aer/m/n/9 (MDA,
 []


Overfull \hbox (3.10333pt too wide) in paragraph at lines 11--12
\T1/aer/m/n/9 with ad-vanced the-o-ret-i-cal knowl-edge that is em-bed-ded with
in
 []

) [4


]
\openout2 = `researchApproach.aux'.

 (./researchApproach.tex

LaTeX Warning: Citation `lange_2006:improvingTheQualityOfUmlModelsInPractice' o
n page \thepage  undefined on input line 5.


LaTeX Warning: Citation `mohagheghi_2007:evaluatingQualityInModelDrivenEngineer
ing' on page \thepage  undefined on input line 5.


LaTeX Warning: Citation `lange_2006:improvingTheQualityOfUmlModelsInPractice' o
n page \thepage  undefined on input line 14.


LaTeX Warning: Citation `mohagheghi_2007:evaluatingQualityInModelDrivenEngineer
ing' on page \thepage  undefined on input line 14.


LaTeX Warning: Citation `solms_2009:generatingMdasPimUsingUrdad' on page \thepa
ge  undefined on input line 16.


LaTeX Warning: Reference `sec:contextualization' on page \thepage  undefined on
 input line 23.


LaTeX Warning: Reference `sec:qualityRequirements' on page \thepage  undefined 
on input line 25.


LaTeX Warning: Reference `sec:urdad' on page \thepage  undefined on input line 
28.


LaTeX Warning: Citation `solms_2009:generatingMdasPimUsingUrdad' on page \thepa
ge  undefined on input line 28.


LaTeX Warning: Reference `sec:assessment' on page \thepage  undefined on input 
line 30.


LaTeX Warning: Citation `lange_2006:improvingTheQualityOfUmlModelsInPractice' o
n page \thepage  undefined on input line 30.


LaTeX Warning: Citation `mohagheghi_2007:evaluatingQualityInModelDrivenEngineer
ing' on page \thepage  undefined on input line 30.


LaTeX Warning: Reference `sec:conclusions' on page \thepage  undefined on input
 line 32.

) [5



]
\openout2 = `contextualization.aux'.

 (./contextualization.tex

LaTeX Warning: Citation `brooks_1987:noSilverBullet' on page \thepage  undefine
d on input line 8.


LaTeX Warning: Citation `avison_1988:informationSystemsDevelopment' on page \th
epage  undefined on input line 10.


Overfull \hbox (1.85051pt too wide) in paragraph at lines 10--11
\T1/aer/m/n/9 soft-ware en-gi-neer-ing ef-fort, giv-ing more guid-ance when bui
ld-
 []


LaTeX Warning: Citation `abrahamsson_2003:newDirectionsInAgileMethods' on page 
\thepage  undefined on input line 17.


LaTeX Warning: Citation `frankel_2003:enterpriseMDA' on page \thepage  undefine
d on input line 19.


LaTeX Warning: Citation `siegel_2001:developingInMDA' on page \thepage  undefin
ed on input line 19.


LaTeX Warning: Citation `snelting_1998:pauFeyerabendUndDieSoftwareTechnologie' 
on page \thepage  undefined on input line 21.


LaTeX Warning: Citation `coram_2005:impactOfAgileMethodsOnProjectManagement' on
 page \thepage  undefined on input line 23.


LaTeX Warning: Citation `lange_2004:anEmpiricalAssessmentOfCompletenessInUmlDes
ign' on page \thepage  undefined on input line 33.


LaTeX Warning: Citation `lange_2005:managingModelQuality' on page \thepage  und
efined on input line 33.


LaTeX Warning: Reference `sec:urdad' on page \thepage  undefined on input line 
38.

) [6


]
\openout2 = `qualityRequirements.aux'.

 (./qualityRequirements.tex
Overfull \hbox (16.4945pt too wide) in paragraph at lines 1--1
[]\secfnt PIM STAKE HOLD-ERS AND THEIR QUAL-
 []


LaTeX Warning: Reference `tab:requirements' on page \thepage  undefined on inpu
t line 18.


Overfull \hbox (14.63388pt too wide) in paragraph at lines 24--36
[][] 
 []

) [7



] [8]
\openout2 = `urdad.aux'.

 (./urdad.tex
Overfull \hbox (1.38438pt too wide) in paragraph at lines 11--14
[]\T1/aer/m/n/9 The ser-vices con-tracts for the ser-vice providers re-quired
 []


Overfull \hbox (6.82962pt too wide) in paragraph at lines 18--20
\T1/aer/m/n/9 architecture-neutral de-sign to rep-re-sent the MDA's PIM. 
 []


Overfull \hbox (2.23854pt too wide) in paragraph at lines 24--25
[]\T1/aer/m/n/9 The pro-cess it-self en-forces es-tab-lished de-sign prin-ci-pl
es which
 []


LaTeX Warning: Reference `tab:requirements' on page \thepage  undefined on inpu
t line 34.


LaTeX Warning: Reference `tab:designPrinciples' on page \thepage  undefined on 
input line 34.


Overfull \hbox (28.59352pt too wide) in paragraph at lines 40--51
[][] 
 []


LaTeX Warning: Reference `fig:methodology' on page \thepage  undefined on input
 line 58.


LaTeX Warning: Citation `solms_2007:technologyNeutralBpdUsingUrdad' on page \th
epage  undefined on input line 59.


! LaTeX Error: Unknown graphics extension: .eps.

See the LaTeX manual or LaTeX Companion for explanation.
Type  H <return>  for immediate help.
 ...                                              
                                                  
l.65 ...=methodology.eps, height=3in, width=3.4in}
                                                  
? 
[9


]
Overfull \hbox (3.42763pt too wide) in paragraph at lines 86--87
\T1/aer/m/n/9 that they will not re-al-ize the re-quested ser-vice by throw-
 []


Overfull \hbox (4.74089pt too wide) in paragraph at lines 89--90
\T1/aer/m/n/9 ron-ment is fully spec-i-fied us-ing pre- and post-conditions. 
 []

) [10

]
\openout2 = `assessment.aux'.

 (./assessment.tex
Overfull \hbox (4.92636pt too wide) in paragraph at lines 1--1
[]\secfnt ASSESSING THE QUAL-I-TIES OF AN UR-
 []


LaTeX Warning: Citation `lange_2004:anEmpiricalAssessmentOfCompletenessInUmlDes
ign' on page \thepage  undefined on input line 13.


LaTeX Warning: Citation `lange_2005:managingModelQuality' on page \thepage  und
efined on input line 13.


LaTeX Warning: Citation `hussain_2007:applyingFuzzyLogicToMeasureCompleteness' 
on page \thepage  undefined on input line 13.


LaTeX Warning: Citation `cardei:ModelBasedRequirementsSpecificationAndValidatio
nForComponentArchitectures' on page \thepage  undefined on input line 13.


LaTeX Warning: Citation `zowghi_2003:completenessConsistencyCorrectnessOfRequir
ements' on page \thepage  undefined on input line 15.


LaTeX Warning: Citation `lange_2004:anEmpiricalAssessmentOfCompletenessInUmlDes
ign' on page \thepage  undefined on input line 19.


LaTeX Warning: Citation `lange_2004:anEmpiricalAssessmentOfCompletenessInUmlDes
ign' on page \thepage  undefined on input line 29.


LaTeX Warning: Citation `solms_2009:generatingMdasPimUsingUrdad' on page \thepa
ge  undefined on input line 35.


Overfull \hbox (1.75195pt too wide) in paragraph at lines 47--48
[]\T1/aer/m/n/9 for leaf ser-vices, how the re-sult is to be con-structed
 []


Overfull \hbox (9.86337pt too wide) in paragraph at lines 47--48
\T1/aer/m/n/9 from the avail-able in-for-ma-tion as well as any changes
 []


Overfull \hbox (5.8807pt too wide) in paragraph at lines 48--49
\T1/aer/m/n/9 tract with in-puts, out-puts, pre- and post-conditions
 []


LaTeX Warning: Citation `lange_2004:anEmpiricalAssessmentOfCompletenessInUmlDes
ign' on page \thepage  undefined on input line 59.


LaTeX Warning: Citation `usman_2008:surveyOfUmlConsistencyCheckingTechniques' o
n page \thepage  undefined on input line 72.


LaTeX Warning: Citation `usman_2008:surveyOfUmlConsistencyCheckingTechniques' o
n page \thepage  undefined on input line 72.


LaTeX Warning: Citation `shinkawa_2006:interModelConsistency' on page \thepage 
 undefined on input line 72.

[11


]

LaTeX Warning: Citation `booch_2008:measuringArchitecturalComplexity' on page \
thepage  undefined on input line 80.


LaTeX Warning: Citation `alsharif_2004:complexityOfSoftwareArchitectures' on pa
ge \thepage  undefined on input line 80.


LaTeX Warning: Citation `alsharif_2004:complexityOfSoftwareArchitectures' on pa
ge \thepage  undefined on input line 80.


LaTeX Warning: Citation `alsharif_2004:complexityOfSoftwareArchitectures' on pa
ge \thepage  undefined on input line 82.


LaTeX Warning: Citation `mohagheghi_2008:overviewOfQualityFrameworks' on page \
thepage  undefined on input line 84.


LaTeX Warning: Citation `reynoso_2005:impactOfCouplingOnUnderstandabilityAndMod
ifiability' on page \thepage  undefined on input line 91.


LaTeX Warning: Citation `reynoso_2006:effectOfCouplingOnOclExpressions' on page
 \thepage  undefined on input line 91.


LaTeX Warning: Citation `genero_2004:earlyIndicatorsOfUnderstandabilityAndModif
iability' on page \thepage  undefined on input line 92.


LaTeX Warning: Citation `verelst_2005:abstractionAndEvolvibility' on page \thep
age  undefined on input line 93.


LaTeX Warning: Citation `poels_2001:inheritenceAndModifiability' on page \thepa
ge  undefined on input line 94.


Overfull \hbox (10.27614pt too wide) in paragraph at lines 98--99
[]\T1/aer/m/n/9 decoupling of clients/users from ser-vice providers through
 []


LaTeX Warning: Citation `feuerlicht_2007:determinantsOfServiceReusability' on p
age \thepage  undefined on input line 119.


LaTeX Warning: Citation `choi_2008:qualityModelForEvaluatingReusabilityOfServic
es' on page \thepage  undefined on input line 119.


LaTeX Warning: Citation `marinescu_1999:measurementOfReuseByInheritance' on pag
e \thepage  undefined on input line 123.


LaTeX Warning: Citation `meyer_1992:designByContract' on page \thepage  undefin
ed on input line 130.


LaTeX Warning: Citation `nebut_2006:automaticTestGeneration' on page \thepage  
undefined on input line 130.


LaTeX Warning: Citation `Zheng_2008:testByContract' on page \thepage  undefined
 on input line 130.


LaTeX Warning: Citation `wang_2008:componentOrientedDevelopmentApproachToEbusin
essApplications' on page \thepage  undefined on input line 132.


LaTeX Warning: Citation `nebut_2003:requirementsByContractsAutomateTests' on pa
ge \thepage  undefined on input line 135.


LaTeX Warning: Citation `nebut_2006:automaticTestGeneration' on page \thepage  
undefined on input line 135.


LaTeX Warning: Citation `hakim_2008:automatedTests' on page \thepage  undefined
 on input line 135.


LaTeX Warning: Citation `dick_2005:designTraceability' on page \thepage  undefi
ned on input line 142.


LaTeX Warning: Citation `noll_2007:traceabilityUsingOntologies' on page \thepag
e  undefined on input line 142.


LaTeX Warning: Citation `zhu_2007:umlProfileForDesignDecisions' on page \thepag
e  undefined on input line 142.

LaTeX Font Info:    Try loading font information for T1+aett on input line 142.

(/opt/local/share/texmf-texlive-dist/tex/latex/ae/t1aett.fd
File: t1aett.fd 1997/11/16 Font definitions for T1/aett.
) [12]
Overfull \hbox (10.2375pt too wide) in paragraph at lines 150--151
\T1/aer/m/n/9 vices re-quired to ad-dress the pre- and post-conditions), throug
h
 []


LaTeX Warning: Citation `counsell_2006:cohesionMetrics' on page \thepage  undef
ined on input line 158.

) [13

]
\openout2 = `conclusions.aux'.

 (./conclusions.tex) [14



] (./modelQualityViaUrdad.bbl
Underfull \vbox (badness 10000) has occurred while \output is active []

 [15

]
Underfull \vbox (badness 10000) has occurred while \output is active []

) [16]
(./modelQualityViaUrdad.aux (./abstract.aux) (./introduction.aux)
(./researchApproach.aux) (./contextualization.aux) (./qualityRequirements.aux)
(./urdad.aux) (./assessment.aux) (./conclusions.aux))

LaTeX Warning: There were undefined references.


LaTeX Warning: Label(s) may have changed. Rerun to get cross-references right.

 ) 
Here is how much of TeX's memory you used:
 2333 strings out of 495061
 28595 string characters out of 3181964
 87084 words of memory out of 3000000
 5419 multiletter control sequences out of 15000+200000
 58038 words of font info for 86 fonts, out of 3000000 for 9000
 31 hyphenation exceptions out of 8191
 39i,10n,26p,1146b,282s stack positions out of 5000i,500n,10000p,200000b,50000s
{/opt/local/share/texmf-texlive-dist/fonts/enc/dvips/base/8r.enc}</opt/local/
share/texmf-texlive-dist/fonts/type1/public/amsfonts/cm/cmbx8.pfb></opt/local/s
hare/texmf-texlive-dist/fonts/type1/public/amsfonts/cm/cmbx9.pfb></opt/local/sh
are/texmf-texlive-dist/fonts/type1/public/amsfonts/cm/cmr6.pfb></opt/local/shar
e/texmf-texlive-dist/fonts/type1/public/amsfonts/cm/cmr8.pfb></opt/local/share/
texmf-texlive-dist/fonts/type1/public/amsfonts/cm/cmr9.pfb></opt/local/share/te
xmf-texlive-dist/fonts/type1/public/amsfonts/cm/cmsy9.pfb></opt/local/share/tex
mf-texlive-dist/fonts/type1/public/amsfonts/cm/cmti9.pfb></opt/local/share/texm
f-texlive-dist/fonts/type1/public/amsfonts/cm/cmtt9.pfb></opt/local/share/texmf
-texlive-dist/fonts/type1/urw/helvetic/uhvb8a.pfb></opt/local/share/texmf-texli
ve-dist/fonts/type1/urw/helvetic/uhvr8a.pfb></opt/local/share/texmf-texlive-dis
t/fonts/type1/urw/times/utmb8a.pfb></opt/local/share/texmf-texlive-dist/fonts/t
ype1/urw/times/utmri8a.pfb>
Output written on modelQualityViaUrdad.pdf (16 pages, 213253 bytes).
PDF statistics:
 103 PDF objects out of 1000 (max. 8388607)
 0 named destinations out of 1000 (max. 500000)
 1 words of extra memory for PDF output out of 10000 (max. 10000000)

